<?xml version="1.0" encoding="UTF-8"?>
<!-- Generated by org.testng.reporters.JUnitReportReporter -->
<testsuite hostname="DESKTOP-86CSM53" failures="0" tests="1" name="Academy.tests" time="10.190" errors="0" timestamp="2022-04-02T11:36:14 GMT+01:00" skipped="0">
  <testcase classname="Academy.tests" name="initialize" time="10.190"/>
  <system-out/>
</testsuite> <!-- Academy.tests -->
